<?xml version="1.0" encoding="UTF-8"?>
<!-- Generated by org.testng.reporters.JUnitXMLReporter -->
<testsuite hostname="DESKTOP-1H83AUO" ignored="0" name="OpencartTests" tests="1" failures="1" timestamp="2022-03-30T16:59:23 EDT" time="7.782" errors="0">
  <testcase name="test_account_Registration" time="0.108" classname="testCases.Tc_001_AccountRegistration">
    <failure type="java.lang.AssertionError" message="null">
      <![CDATA[java.lang.AssertionError: null
at testCases.Tc_001_AccountRegistration.test_account_Registration(Tc_001_AccountRegistration.java:82)
at java.util.ArrayList.forEach(Unknown Source)
... Removed 29 stack frames]]>
    </failure>
  </testcase> <!-- test_account_Registration -->
</testsuite> <!-- OpencartTests -->
